Using pre-set license
Built from '2020.3/staging' branch; Version is '2020.3.5f1 (8095aa901b9b) revision 8426922'; Using compiler version '192528614'; Build Type 'Release'
OS: 'Windows 10 Home; OS build 19043.1706; Version 2009; 64bit' Language: 'en' Physical Memory: 16233 MB
BatchMode: 1, IsHumanControllingUs: 0, StartBugReporterOnCrash: 0, Is64bit: 1, IsPro: 0

 COMMAND LINE ARGUMENTS:
C:\SilverTails\100_programs\64_unity-installations\2020.3.5f1\Editor\Unity.exe
-adb2
-batchMode
-noUpm
-name
AssetImportWorker0
-projectPath
C:/GitRepo/ProjClient/proj_6week
-logFile
Logs/AssetImportWorker0.log
-srvPort
61526
Successfully changed project path to: C:/GitRepo/ProjClient/proj_6week
C:/GitRepo/ProjClient/proj_6week
Using Asset Import Pipeline V2.
Refreshing native plugins compatible for Editor in 110.03 ms, found 2 plugins.
Preloading 0 native plugins for Editor in 0.00 ms.
Initialize engine version: 2020.3.5f1 (8095aa901b9b)
[Subsystems] Discovering subsystems at path C:/SilverTails/100_programs/64_unity-installations/2020.3.5f1/Editor/Data/Resources/UnitySubsystems
[Subsystems] Discovering subsystems at path C:/GitRepo/ProjClient/proj_6week/Assets
GfxDevice: creating device client; threaded=0
Direct3D:
    Version:  Direct3D 11.0 [level 11.1]
    Renderer: NVIDIA GeForce RTX 2070 (ID=0x1f10)
    Vendor:   
    VRAM:     8031 MB
    Driver:   30.0.15.1259
Shader 'Universal Render Pipeline/Particles/Lit': fallback shader 'Universal Render Pipeline/Particles/SimpleLit' not found
Initialize mono
Mono path[0] = 'C:/SilverTails/100_programs/64_unity-installations/2020.3.5f1/Editor/Data/Managed'
Mono path[1] = 'C:/SilverTails/100_programs/64_unity-installations/2020.3.5f1/Editor/Data/MonoBleedingEdge/lib/mono/unityjit'
Mono config path = 'C:/SilverTails/100_programs/64_unity-installations/2020.3.5f1/Editor/Data/MonoBleedingEdge/etc'
Using monoOptions --debugger-agent=transport=dt_socket,embedding=1,server=y,suspend=n,address=127.0.0.1:56180
Begin MonoManager ReloadAssembly
Registering precompiled unity dll's ...
Register platform support module: C:/SilverTails/100_programs/64_unity-installations/2020.3.5f1/Editor/Data/PlaybackEngines/WindowsStandaloneSupport/UnityEditor.WindowsStandalone.Extensions.dll
Registered in 0.002567 seconds.
Native extension for WindowsStandalone target not found
Refreshing native plugins compatible for Editor in 84.17 ms, found 2 plugins.
Preloading 0 native plugins for Editor in 0.00 ms.
Mono: successfully reloaded assembly
- Completed reload, in  1.472 seconds
Platform modules already initialized, skipping
Registering precompiled user dll's ...
Registered in 0.006673 seconds.
Begin MonoManager ReloadAssembly
Native extension for WindowsStandalone target not found
Refreshing native plugins compatible for Editor in 79.99 ms, found 2 plugins.
Preloading 0 native plugins for Editor in 0.00 ms.
Mono: successfully reloaded assembly
- Completed reload, in  1.519 seconds
Platform modules already initialized, skipping
========================================================================
Worker process is ready to serve import requests
Shader 'Universal Render Pipeline/Particles/Lit': fallback shader 'Universal Render Pipeline/Particles/SimpleLit' not found
Launched and connected shader compiler UnityShaderCompiler.exe after 0.06 seconds
Refreshing native plugins compatible for Editor in 1.06 ms, found 2 plugins.
Preloading 0 native plugins for Editor in 0.00 ms.
Unloading 3989 Unused Serialized files (Serialized files now loaded: 0)
System memory in use before: 207.7 MB.
System memory in use after: 207.9 MB.

Unloading 24 unused Assets to reduce memory usage. Loaded Objects now: 4427.
Total: 3.403800 ms (FindLiveObjects: 0.539500 ms CreateObjectMapping: 0.228900 ms MarkObjects: 2.555200 ms  DeleteObjects: 0.078400 ms)

========================================================================
Received Import Request.
  path: Assets/Art/Materials/player.mat
  artifactKey: Guid(7ccb7d52e2b51974ea63370b5960bd00) Importer(815301076,1909f56bfc062723c751e8b465ee728b)
Start importing Assets/Art/Materials/player.mat using Guid(7ccb7d52e2b51974ea63370b5960bd00) Importer(815301076,1909f56bfc062723c751e8b465ee728b)  -> (artifact id: 'd560256851de8c9b6d310e0e173ff0c7') in 0.274234 seconds
  Import took 0.281096 seconds .

========================================================================
Received Import Request.
  Time since last request: 1030.271250 seconds.
  path: Assets/Art/Animation
  artifactKey: Guid(d78f1e8835a2fc743938d3f7e40fd00c) Importer(815301076,1909f56bfc062723c751e8b465ee728b)
Start importing Assets/Art/Animation using Guid(d78f1e8835a2fc743938d3f7e40fd00c) Importer(815301076,1909f56bfc062723c751e8b465ee728b)  -> (artifact id: '5729cc39e13fb6b35701289d7b63f756') in 0.002299 seconds
  Import took 0.010598 seconds .

========================================================================
Received Import Request.
  Time since last request: 38.006582 seconds.
  path: Assets/Art/Materials/player
  artifactKey: Guid(b2e70f167b2edfd46bf51e5886f2b9e6) Importer(815301076,1909f56bfc062723c751e8b465ee728b)
Start importing Assets/Art/Materials/player using Guid(b2e70f167b2edfd46bf51e5886f2b9e6) Importer(815301076,1909f56bfc062723c751e8b465ee728b)  -> (artifact id: '92a4bce93a45fe92287e6d00eaa94071') in 0.001922 seconds
  Import took 0.007914 seconds .

========================================================================
Received Import Request.
  Time since last request: 11.623345 seconds.
  path: Assets/Art/Materials/env
  artifactKey: Guid(cd1896a3ed8421f4f8a46fed135c3176) Importer(815301076,1909f56bfc062723c751e8b465ee728b)
Start importing Assets/Art/Materials/env using Guid(cd1896a3ed8421f4f8a46fed135c3176) Importer(815301076,1909f56bfc062723c751e8b465ee728b)  -> (artifact id: '653a9196fa467e95e7b964ae766b49be') in 0.003743 seconds
  Import took 0.011114 seconds .

========================================================================
Received Import Request.
  Time since last request: 127.442372 seconds.
  path: Assets/Art/Mesh/Tree.prefab
  artifactKey: Guid(11d162cf8887a684bb47f70a2db5da41) Importer(815301076,1909f56bfc062723c751e8b465ee728b)
Start importing Assets/Art/Mesh/Tree.prefab using Guid(11d162cf8887a684bb47f70a2db5da41) Importer(815301076,1909f56bfc062723c751e8b465ee728b)  -> (artifact id: 'a6690109119a8fe2e72d6221cc8abd63') in 0.026177 seconds
  Import took 0.032819 seconds .

========================================================================
Received Import Request.
  Time since last request: 10.140794 seconds.
  path: Assets/Art/Materials/env/envTree_albedo.png
  artifactKey: Guid(34b67b2c4abed3e4c92ed76e1c832da9) Importer(815301076,1909f56bfc062723c751e8b465ee728b)
Start importing Assets/Art/Materials/env/envTree_albedo.png using Guid(34b67b2c4abed3e4c92ed76e1c832da9) Importer(815301076,1909f56bfc062723c751e8b465ee728b)  -> (artifact id: '19c31c5fe916154822a59e77b42bc142') in 0.025168 seconds
  Import took 0.033078 seconds .

========================================================================
Received Import Request.
  Time since last request: 3.164154 seconds.
  path: Assets/Art/Mesh/Tree.prefab
  artifactKey: Guid(11d162cf8887a684bb47f70a2db5da41) Importer(815301076,1909f56bfc062723c751e8b465ee728b)
Start importing Assets/Art/Mesh/Tree.prefab using Guid(11d162cf8887a684bb47f70a2db5da41) Importer(815301076,1909f56bfc062723c751e8b465ee728b)  -> (artifact id: '43b1e727c9929776758f43aa9ee78210') in 0.015131 seconds
  Import took 0.023488 seconds .

========================================================================
Received Import Request.
  Time since last request: 30.333114 seconds.
  path: Assets/Art/Materials/env/tree.mat
  artifactKey: Guid(904e176d583c84647a306c113aac742d) Importer(815301076,1909f56bfc062723c751e8b465ee728b)
Start importing Assets/Art/Materials/env/tree.mat using Guid(904e176d583c84647a306c113aac742d) Importer(815301076,1909f56bfc062723c751e8b465ee728b)  -> (artifact id: '851722b6430c225a1e94717c081a2259') in 0.013039 seconds
  Import took 0.022684 seconds .

========================================================================
Received Import Request.
  Time since last request: 21.958587 seconds.
  path: Assets/Art/Materials/env/tree.mat
  artifactKey: Guid(904e176d583c84647a306c113aac742d) Importer(815301076,1909f56bfc062723c751e8b465ee728b)
Start importing Assets/Art/Materials/env/tree.mat using Guid(904e176d583c84647a306c113aac742d) Importer(815301076,1909f56bfc062723c751e8b465ee728b)  -> (artifact id: '0de64e90e56e6f3bd1771178af5ed4f3') in 0.014441 seconds
  Import took 0.021582 seconds .

========================================================================
Received Import Request.
  Time since last request: 1948.728639 seconds.
  path: Assets/Prefabs/ArchWay.prefab
  artifactKey: Guid(a21ddb45a074cfd4face475c83588eac) Importer(815301076,1909f56bfc062723c751e8b465ee728b)
Start importing Assets/Prefabs/ArchWay.prefab using Guid(a21ddb45a074cfd4face475c83588eac) Importer(815301076,1909f56bfc062723c751e8b465ee728b)  -> (artifact id: '67d62bdd4884647e989cafce2f223dda') in 0.121438 seconds
  Import took 0.180435 seconds .

========================================================================
Received Import Request.
  Time since last request: 0.000409 seconds.
  path: Assets/Prefabs/lampPost.prefab
  artifactKey: Guid(cfc98c05b172ffc469d3d8279b064925) Importer(815301076,1909f56bfc062723c751e8b465ee728b)
Start importing Assets/Prefabs/lampPost.prefab using Guid(cfc98c05b172ffc469d3d8279b064925) Importer(815301076,1909f56bfc062723c751e8b465ee728b)  -> (artifact id: '1efb8f3bd22acb8ab563a1594e233296') in 0.020427 seconds
  Import took 0.028030 seconds .

========================================================================
Received Import Request.
  Time since last request: 0.000291 seconds.
  path: Assets/Prefabs/Enemy.prefab
  artifactKey: Guid(b646c84ee74db274cbad2af1253e3013) Importer(815301076,1909f56bfc062723c751e8b465ee728b)
Start importing Assets/Prefabs/Enemy.prefab using Guid(b646c84ee74db274cbad2af1253e3013) Importer(815301076,1909f56bfc062723c751e8b465ee728b)  -> (artifact id: 'd0d18a7e32ec3c44f5bb29338f885cf7') in 0.213028 seconds
  Import took 0.222038 seconds .

========================================================================
Received Import Request.
  Time since last request: 0.000296 seconds.
  path: Assets/Prefabs/Env.prefab
  artifactKey: Guid(8e4adc0b3d4db3a4f977d8f259b8a27e) Importer(815301076,1909f56bfc062723c751e8b465ee728b)
Start importing Assets/Prefabs/Env.prefab using Guid(8e4adc0b3d4db3a4f977d8f259b8a27e) Importer(815301076,1909f56bfc062723c751e8b465ee728b)  -> (artifact id: '90a51649ed898a4b5fb2a497b06ef42f') in 0.131537 seconds
  Import took 0.141431 seconds .

========================================================================
Received Import Request.
  Time since last request: 0.000297 seconds.
  path: Assets/Prefabs/ElecProkj.prefab
  artifactKey: Guid(2b3b405a60cbf3142ab8f5a58b783c10) Importer(815301076,1909f56bfc062723c751e8b465ee728b)
Start importing Assets/Prefabs/ElecProkj.prefab using Guid(2b3b405a60cbf3142ab8f5a58b783c10) Importer(815301076,1909f56bfc062723c751e8b465ee728b)  -> (artifact id: '72ad7e229e4b1a662d8f05487df8abc2') in 0.024396 seconds
  Import took 0.034641 seconds .

========================================================================
Received Import Request.
  Time since last request: 0.000287 seconds.
  path: Assets/Prefabs/Bullet.prefab
  artifactKey: Guid(63f05b1e598e89f488b41f1cc90062b2) Importer(815301076,1909f56bfc062723c751e8b465ee728b)
Start importing Assets/Prefabs/Bullet.prefab using Guid(63f05b1e598e89f488b41f1cc90062b2) Importer(815301076,1909f56bfc062723c751e8b465ee728b)  -> (artifact id: '14244e072dd9e85d164517c926dcca47') in 0.016185 seconds
  Import took 0.027254 seconds .

========================================================================
Received Import Request.
  Time since last request: 0.000318 seconds.
  path: Assets/Prefabs/pc.prefab
  artifactKey: Guid(6e71d9ec5ec51be4992e605c395c9fcd) Importer(815301076,1909f56bfc062723c751e8b465ee728b)
Start importing Assets/Prefabs/pc.prefab using Guid(6e71d9ec5ec51be4992e605c395c9fcd) Importer(815301076,1909f56bfc062723c751e8b465ee728b)  -> (artifact id: 'ed41165a8fe67f748201591e11526310') in 0.097918 seconds
  Import took 0.107316 seconds .

========================================================================
Received Import Request.
  Time since last request: 1.935635 seconds.
  path: Assets/Prefabs/floorPanelRow (0).prefab
  artifactKey: Guid(42c09a667df7703409ecc387dfdd6828) Importer(815301076,1909f56bfc062723c751e8b465ee728b)
Start importing Assets/Prefabs/floorPanelRow (0).prefab using Guid(42c09a667df7703409ecc387dfdd6828) Importer(815301076,1909f56bfc062723c751e8b465ee728b)  -> (artifact id: 'c9c90518c4ea9b16d21a23e9fca65b5f') in 0.012896 seconds
  Import took 0.019708 seconds .

========================================================================
Received Import Request.
  Time since last request: 493.616857 seconds.
  path: Assets/Presets
  artifactKey: Guid(558255460b74ec04fa70b5570e9327bd) Importer(815301076,1909f56bfc062723c751e8b465ee728b)
Start importing Assets/Presets using Guid(558255460b74ec04fa70b5570e9327bd) Importer(815301076,1909f56bfc062723c751e8b465ee728b)  -> (artifact id: 'dae0f04151eee1890c5f8f7b35baf936') in 0.007538 seconds
  Import took 0.016799 seconds .

========================================================================
Received Import Request.
  Time since last request: 10.869572 seconds.
  path: Assets/Prefabs/SA_enem_meshRig.prefab
  artifactKey: Guid(0e207a3f57b3f524a832d1f7a4daada6) Importer(815301076,1909f56bfc062723c751e8b465ee728b)
Start importing Assets/Prefabs/SA_enem_meshRig.prefab using Guid(0e207a3f57b3f524a832d1f7a4daada6) Importer(815301076,1909f56bfc062723c751e8b465ee728b)  -> (artifact id: '61f27202443b9555c7aa05c08deb1ad9') in 0.021687 seconds
  Import took 0.036735 seconds .

========================================================================
Received Import Request.
  Time since last request: 11.403283 seconds.
  path: Assets/Prefabs/SA_pc_meshRig - fullblend.prefab
  artifactKey: Guid(dd2f8db69f27f4f49931c2f3774a5db2) Importer(815301076,1909f56bfc062723c751e8b465ee728b)
Start importing Assets/Prefabs/SA_pc_meshRig - fullblend.prefab using Guid(dd2f8db69f27f4f49931c2f3774a5db2) Importer(815301076,1909f56bfc062723c751e8b465ee728b)  -> (artifact id: 'dda5da891774afc4f194310a17f456c9') in 0.023880 seconds
  Import took 0.035037 seconds .

========================================================================
Received Import Request.
  Time since last request: 14.206742 seconds.
  path: Assets/Prefabs/Env_True.prefab
  artifactKey: Guid(4f2904e078c94e240890f6d9e6207e6a) Importer(815301076,1909f56bfc062723c751e8b465ee728b)
Start importing Assets/Prefabs/Env_True.prefab using Guid(4f2904e078c94e240890f6d9e6207e6a) Importer(815301076,1909f56bfc062723c751e8b465ee728b)  -> (artifact id: '2566e59e90313c9574c7ded2f36c2de3') in 0.040350 seconds
  Import took 0.050895 seconds .

========================================================================
Received Import Request.
  Time since last request: 21.543782 seconds.
  path: Assets/Art/Materials/Shaders
  artifactKey: Guid(90c87d69b4617f748bac9af9b4c25510) Importer(815301076,1909f56bfc062723c751e8b465ee728b)
Start importing Assets/Art/Materials/Shaders using Guid(90c87d69b4617f748bac9af9b4c25510) Importer(815301076,1909f56bfc062723c751e8b465ee728b)  -> (artifact id: 'd43e060b8396f5beead6e1b7d3525847') in 0.003642 seconds
  Import took 0.011141 seconds .

========================================================================
Received Import Request.
  Time since last request: 1.162427 seconds.
  path: Assets/Art/Materials/Shaders/ampToonURP-backfaceOn.shader
  artifactKey: Guid(f6c5445f33e680f4f83e90febc5eec57) Importer(815301076,1909f56bfc062723c751e8b465ee728b)
Start importing Assets/Art/Materials/Shaders/ampToonURP-backfaceOn.shader using Guid(f6c5445f33e680f4f83e90febc5eec57) Importer(815301076,1909f56bfc062723c751e8b465ee728b)  -> (artifact id: 'f63c3a9eb70efd0e32f024c9bbf1a743') in 0.006913 seconds
  Import took 0.015605 seconds .

========================================================================
Received Import Request.
  Time since last request: 0.600125 seconds.
  path: Assets/Art/Materials/Shaders/ampToonURP-backfaceOn.shader
  artifactKey: Guid(f6c5445f33e680f4f83e90febc5eec57) Importer(815301076,1909f56bfc062723c751e8b465ee728b)
Start importing Assets/Art/Materials/Shaders/ampToonURP-backfaceOn.shader using Guid(f6c5445f33e680f4f83e90febc5eec57) Importer(815301076,1909f56bfc062723c751e8b465ee728b)  -> (artifact id: 'f63c3a9eb70efd0e32f024c9bbf1a743') in 0.003077 seconds
  Import took 0.010763 seconds .

========================================================================
Received Import Request.
  Time since last request: 0.079308 seconds.
  path: Assets/Art/Materials/Shaders/ampToon.shader
  artifactKey: Guid(30bd9ba54cd37454ebf5bb192e601bcb) Importer(815301076,1909f56bfc062723c751e8b465ee728b)
Start importing Assets/Art/Materials/Shaders/ampToon.shader using Guid(30bd9ba54cd37454ebf5bb192e601bcb) Importer(815301076,1909f56bfc062723c751e8b465ee728b)  -> (artifact id: 'c7ed087b38eeacd7379160d233ae77c7') in 0.003457 seconds
  Import took 0.010190 seconds .

========================================================================
Received Import Request.
  Time since last request: 0.000677 seconds.
  path: Assets/Art/Materials/Shaders/ampToon.shader
  artifactKey: Guid(30bd9ba54cd37454ebf5bb192e601bcb) Importer(815301076,1909f56bfc062723c751e8b465ee728b)
Start importing Assets/Art/Materials/Shaders/ampToon.shader using Guid(30bd9ba54cd37454ebf5bb192e601bcb) Importer(815301076,1909f56bfc062723c751e8b465ee728b)  -> (artifact id: 'c7ed087b38eeacd7379160d233ae77c7') in 0.002169 seconds
  Import took 0.009050 seconds .

========================================================================
Received Import Request.
  Time since last request: 0.868672 seconds.
  path: Assets/Art/Materials/Shaders/ampToonURP.shader
  artifactKey: Guid(1057b5f1944f90c4aac4c19ad9e94fbd) Importer(815301076,1909f56bfc062723c751e8b465ee728b)
Start importing Assets/Art/Materials/Shaders/ampToonURP.shader using Guid(1057b5f1944f90c4aac4c19ad9e94fbd) Importer(815301076,1909f56bfc062723c751e8b465ee728b)  -> (artifact id: 'cdc566458abb0840586bac32858b4b03') in 0.007030 seconds
  Import took 0.016558 seconds .

========================================================================
Received Import Request.
  Time since last request: 0.763836 seconds.
  path: Assets/Art/Materials/Shaders/toonShade.shader
  artifactKey: Guid(f2f79f7822ca7284f995c16c94345ae3) Importer(815301076,1909f56bfc062723c751e8b465ee728b)
Start importing Assets/Art/Materials/Shaders/toonShade.shader using Guid(f2f79f7822ca7284f995c16c94345ae3) Importer(815301076,1909f56bfc062723c751e8b465ee728b)  -> (artifact id: '0469ff79ac9fd151929ebfe220592378') in 0.002887 seconds
  Import took 0.010600 seconds .

========================================================================
Received Import Request.
  Time since last request: 0.005089 seconds.
  path: Assets/Art/Materials/Shaders/toonShade.shader
  artifactKey: Guid(f2f79f7822ca7284f995c16c94345ae3) Importer(815301076,1909f56bfc062723c751e8b465ee728b)
Start importing Assets/Art/Materials/Shaders/toonShade.shader using Guid(f2f79f7822ca7284f995c16c94345ae3) Importer(815301076,1909f56bfc062723c751e8b465ee728b)  -> (artifact id: '0469ff79ac9fd151929ebfe220592378') in 0.002555 seconds
  Import took 0.013933 seconds .

========================================================================
Received Import Request.
  Time since last request: 8.837387 seconds.
  path: Assets/Art/Materials/Shaders/ampToon 1.shader
  artifactKey: Guid(49151aaac9221b14082a68c0a4a59569) Importer(815301076,1909f56bfc062723c751e8b465ee728b)
Start importing Assets/Art/Materials/Shaders/ampToon 1.shader using Guid(49151aaac9221b14082a68c0a4a59569) Importer(815301076,1909f56bfc062723c751e8b465ee728b)  -> (artifact id: '71f991775f14ab964717ca59843209b4') in 0.012174 seconds
  Import took 0.024211 seconds .

========================================================================
Received Import Request.
  Time since last request: 9.261669 seconds.
  path: Assets/Art/Materials/Shaders/ampToon-noRim.shader
  artifactKey: Guid(49151aaac9221b14082a68c0a4a59569) Importer(815301076,1909f56bfc062723c751e8b465ee728b)
Start importing Assets/Art/Materials/Shaders/ampToon-noRim.shader using Guid(49151aaac9221b14082a68c0a4a59569) Importer(815301076,1909f56bfc062723c751e8b465ee728b)  -> (artifact id: '475da6bea4854e1f04a9ccef4a5ef2ea') in 0.005767 seconds
  Import took 0.020919 seconds .

========================================================================
Received Import Request.
  Time since last request: 54.433911 seconds.
  path: Assets/Art/Materials/Shaders/DNU
  artifactKey: Guid(26166eb38ee49b24a924abfe669baf4d) Importer(815301076,1909f56bfc062723c751e8b465ee728b)
Start importing Assets/Art/Materials/Shaders/DNU using Guid(26166eb38ee49b24a924abfe669baf4d) Importer(815301076,1909f56bfc062723c751e8b465ee728b)  -> (artifact id: '1d669ddd2cc77908155a6663a86e6106') in 0.003101 seconds
  Import took 0.011742 seconds .

========================================================================
Received Import Request.
  Time since last request: 30.636899 seconds.
  path: Assets/Art/Materials/Shaders/noRim-ampToon.shader
  artifactKey: Guid(2215e4ce5a67acb42a3f07f0462e1265) Importer(815301076,1909f56bfc062723c751e8b465ee728b)
Start importing Assets/Art/Materials/Shaders/noRim-ampToon.shader using Guid(2215e4ce5a67acb42a3f07f0462e1265) Importer(815301076,1909f56bfc062723c751e8b465ee728b)  -> (artifact id: '0df504353c3a8a0b30b5657bbde49a14') in 0.007916 seconds
  Import took 0.026869 seconds .

========================================================================
Received Import Request.
  Time since last request: 0.448523 seconds.
  path: Assets/Art/Materials/Shaders/noRim-ampToon.shader
  artifactKey: Guid(2215e4ce5a67acb42a3f07f0462e1265) Importer(815301076,1909f56bfc062723c751e8b465ee728b)
Start importing Assets/Art/Materials/Shaders/noRim-ampToon.shader using Guid(2215e4ce5a67acb42a3f07f0462e1265) Importer(815301076,1909f56bfc062723c751e8b465ee728b)  -> (artifact id: '0df504353c3a8a0b30b5657bbde49a14') in 0.004458 seconds
  Import took 0.019048 seconds .

========================================================================
Received Import Request.
  Time since last request: 100.481865 seconds.
  path: Assets/Art/Materials/Shaders/noRim-ampToon.shader
  artifactKey: Guid(2215e4ce5a67acb42a3f07f0462e1265) Importer(815301076,1909f56bfc062723c751e8b465ee728b)
Start importing Assets/Art/Materials/Shaders/noRim-ampToon.shader using Guid(2215e4ce5a67acb42a3f07f0462e1265) Importer(815301076,1909f56bfc062723c751e8b465ee728b)  -> (artifact id: '74a6f8ae0e575e6e6c518eb30541dd95') in 0.003295 seconds
  Import took 0.011590 seconds .

========================================================================
Received Import Request.
  Time since last request: 0.302044 seconds.
  path: Assets/Art/Materials/Shaders/noRim-ampToon.shader
  artifactKey: Guid(2215e4ce5a67acb42a3f07f0462e1265) Importer(815301076,1909f56bfc062723c751e8b465ee728b)
Start importing Assets/Art/Materials/Shaders/noRim-ampToon.shader using Guid(2215e4ce5a67acb42a3f07f0462e1265) Importer(815301076,1909f56bfc062723c751e8b465ee728b)  -> (artifact id: '74a6f8ae0e575e6e6c518eb30541dd95') in 0.003093 seconds
  Import took 0.011579 seconds .

========================================================================
Received Import Request.
  Time since last request: 15.597445 seconds.
  path: Assets/Art/Materials/floor.mat
  artifactKey: Guid(f48735e4a869fee409abe3f4998c6334) Importer(815301076,1909f56bfc062723c751e8b465ee728b)
Start importing Assets/Art/Materials/floor.mat using Guid(f48735e4a869fee409abe3f4998c6334) Importer(815301076,1909f56bfc062723c751e8b465ee728b)  -> (artifact id: '8063fcaad53f809f2f4bce700572fc48') in 0.030300 seconds
  Import took 0.038875 seconds .

========================================================================
Received Import Request.
  Time since last request: 321.680678 seconds.
  path: Assets/Art/Materials/floor.mat
  artifactKey: Guid(f48735e4a869fee409abe3f4998c6334) Importer(815301076,1909f56bfc062723c751e8b465ee728b)
Start importing Assets/Art/Materials/floor.mat using Guid(f48735e4a869fee409abe3f4998c6334) Importer(815301076,1909f56bfc062723c751e8b465ee728b)  -> (artifact id: 'a09bca3795c77e5cad37b6142b31fa93') in 0.023402 seconds
  Import took 0.033292 seconds .

========================================================================
Received Import Request.
  Time since last request: 324.839644 seconds.
  path: Assets/Art/Mesh/SA_env_largeArc.fbx
  artifactKey: Guid(9313f8b9240ef664fb72904a5a91282c) Importer(815301076,1909f56bfc062723c751e8b465ee728b)
Start importing Assets/Art/Mesh/SA_env_largeArc.fbx using Guid(9313f8b9240ef664fb72904a5a91282c) Importer(815301076,1909f56bfc062723c751e8b465ee728b)  -> (artifact id: 'b4ecd32554196dab45c2710ae206208c') in 0.115941 seconds
  Import took 0.128216 seconds .

========================================================================
Received Import Request.
  Time since last request: 0.295015 seconds.
  path: Assets/Art/Mesh/env_floorMesh.fbx
  artifactKey: Guid(c5ed620a06d3d7d44b8c939b186e92b5) Importer(815301076,1909f56bfc062723c751e8b465ee728b)
Start importing Assets/Art/Mesh/env_floorMesh.fbx using Guid(c5ed620a06d3d7d44b8c939b186e92b5) Importer(815301076,1909f56bfc062723c751e8b465ee728b)  -> (artifact id: 'd5f8cd1d57d40361e0e0d934c8072e15') in 0.022040 seconds
  Import took 0.031122 seconds .

========================================================================
Received Import Request.
  Time since last request: 12.233744 seconds.
  path: Assets/Art/Mesh/SA_enem_meshRig.fbx
  artifactKey: Guid(683491beef7662747809ac7fc61f4896) Importer(815301076,1909f56bfc062723c751e8b465ee728b)
Start importing Assets/Art/Mesh/SA_enem_meshRig.fbx using Guid(683491beef7662747809ac7fc61f4896) Importer(815301076,1909f56bfc062723c751e8b465ee728b)  -> (artifact id: 'dd284a168fb7943a9b2969105d4eb49f') in 0.079113 seconds
  Import took 0.094484 seconds .

========================================================================
Received Import Request.
  Time since last request: 165.749203 seconds.
  path: Assets/Art/Materials/floor.mat
  artifactKey: Guid(f48735e4a869fee409abe3f4998c6334) Importer(815301076,1909f56bfc062723c751e8b465ee728b)
Start importing Assets/Art/Materials/floor.mat using Guid(f48735e4a869fee409abe3f4998c6334) Importer(815301076,1909f56bfc062723c751e8b465ee728b)  -> (artifact id: '180026d62c414f7b737aab7bba6ef702') in 0.012637 seconds
  Import took 0.023557 seconds .

========================================================================
Received Prepare
Registering precompiled user dll's ...
Registered in 0.013668 seconds.
Begin MonoManager ReloadAssembly
Native extension for WindowsStandalone target not found
Refreshing native plugins compatible for Editor in 0.69 ms, found 2 plugins.
Preloading 0 native plugins for Editor in 0.00 ms.
Mono: successfully reloaded assembly
- Completed reload, in  1.807 seconds
Platform modules already initialized, skipping
Shader 'Universal Render Pipeline/Particles/Lit': fallback shader 'Universal Render Pipeline/Particles/SimpleLit' not found
Refreshing native plugins compatible for Editor in 0.78 ms, found 2 plugins.
Preloading 0 native plugins for Editor in 0.00 ms.
Unloading 3660 Unused Serialized files (Serialized files now loaded: 0)
System memory in use before: 199.6 MB.
System memory in use after: 199.8 MB.

Unloading 17 unused Assets to reduce memory usage. Loaded Objects now: 4518.
Total: 3.137100 ms (FindLiveObjects: 0.396200 ms CreateObjectMapping: 0.238900 ms MarkObjects: 2.475300 ms  DeleteObjects: 0.024700 ms)

========================================================================
Received Prepare
Registering precompiled user dll's ...
Registered in 0.008649 seconds.
Begin MonoManager ReloadAssembly
Native extension for WindowsStandalone target not found
Refreshing native plugins compatible for Editor in 3.48 ms, found 2 plugins.
Preloading 0 native plugins for Editor in 0.00 ms.
Mono: successfully reloaded assembly
- Completed reload, in  1.800 seconds
Platform modules already initialized, skipping
Shader 'Universal Render Pipeline/Particles/Lit': fallback shader 'Universal Render Pipeline/Particles/SimpleLit' not found
Refreshing native plugins compatible for Editor in 0.70 ms, found 2 plugins.
Preloading 0 native plugins for Editor in 0.00 ms.
Unloading 3659 Unused Serialized files (Serialized files now loaded: 0)
System memory in use before: 199.4 MB.
System memory in use after: 199.7 MB.

Unloading 17 unused Assets to reduce memory usage. Loaded Objects now: 4520.
Total: 3.716900 ms (FindLiveObjects: 0.655700 ms CreateObjectMapping: 0.362100 ms MarkObjects: 2.672800 ms  DeleteObjects: 0.024600 ms)

========================================================================
Received Import Request.
  Time since last request: 4108.694255 seconds.
  path: Assets/Art/Materials/floor.mat
  artifactKey: Guid(f48735e4a869fee409abe3f4998c6334) Importer(815301076,1909f56bfc062723c751e8b465ee728b)
Start importing Assets/Art/Materials/floor.mat using Guid(f48735e4a869fee409abe3f4998c6334) Importer(815301076,1909f56bfc062723c751e8b465ee728b)  -> (artifact id: 'e95000c650c2a081a615dff56b7efcc5') in 0.204163 seconds
  Import took 0.212369 seconds .

========================================================================
Received Import Request.
  Time since last request: 2.080552 seconds.
  path: Assets/Art/Materials/enemy.mat
  artifactKey: Guid(47f329a4a43202540ad4b62ff3766d88) Importer(815301076,1909f56bfc062723c751e8b465ee728b)
Start importing Assets/Art/Materials/enemy.mat using Guid(47f329a4a43202540ad4b62ff3766d88) Importer(815301076,1909f56bfc062723c751e8b465ee728b)  -> (artifact id: 'bd36fe007df35c81a398bbc9c8b4f2e6') in 0.014877 seconds
  Import took 0.023479 seconds .

========================================================================
Received Import Request.
  Time since last request: 40.016226 seconds.
  path: Assets/Prefabs/Env_True.prefab
  artifactKey: Guid(4f2904e078c94e240890f6d9e6207e6a) Importer(815301076,1909f56bfc062723c751e8b465ee728b)
Start importing Assets/Prefabs/Env_True.prefab using Guid(4f2904e078c94e240890f6d9e6207e6a) Importer(815301076,1909f56bfc062723c751e8b465ee728b)  -> (artifact id: 'c4e09a823630c888b77aac9979a3e9dc') in 0.039393 seconds
  Import took 0.047542 seconds .

========================================================================
Received Import Request.
  Time since last request: 0.000336 seconds.
  path: Assets/Prefabs/floorPanelRow (0).prefab
  artifactKey: Guid(42c09a667df7703409ecc387dfdd6828) Importer(815301076,1909f56bfc062723c751e8b465ee728b)
Start importing Assets/Prefabs/floorPanelRow (0).prefab using Guid(42c09a667df7703409ecc387dfdd6828) Importer(815301076,1909f56bfc062723c751e8b465ee728b)  -> (artifact id: '7c3029ecd4b456060d72ffaaa23bbe4f') in 0.010489 seconds
  Import took 0.016902 seconds .

========================================================================
Received Import Request.
  Time since last request: 30.028783 seconds.
  path: Assets/Art/Mesh/SA_env_tree.fbx
  artifactKey: Guid(54d7bbdb0883e0646a75e8c430732e90) Importer(815301076,1909f56bfc062723c751e8b465ee728b)
Start importing Assets/Art/Mesh/SA_env_tree.fbx using Guid(54d7bbdb0883e0646a75e8c430732e90) Importer(815301076,1909f56bfc062723c751e8b465ee728b)  -> (artifact id: '79ca53845ade5bbb7132b4f28801b24e') in 0.033446 seconds
  Import took 0.040176 seconds .

========================================================================
Received Import Request.
  Time since last request: 0.029966 seconds.
  path: Assets/Art/Mesh/SA_env_tree.fbx
  artifactKey: Guid(54d7bbdb0883e0646a75e8c430732e90) Importer(815301076,1909f56bfc062723c751e8b465ee728b)
Start importing Assets/Art/Mesh/SA_env_tree.fbx using Guid(54d7bbdb0883e0646a75e8c430732e90) Importer(815301076,1909f56bfc062723c751e8b465ee728b)  -> (artifact id: '79ca53845ade5bbb7132b4f28801b24e') in 0.018138 seconds
  Import took 0.024569 seconds .

========================================================================
Received Import Request.
  Time since last request: 7.378840 seconds.
  path: Assets/Prefabs/Tree.prefab
  artifactKey: Guid(11d162cf8887a684bb47f70a2db5da41) Importer(815301076,1909f56bfc062723c751e8b465ee728b)
Start importing Assets/Prefabs/Tree.prefab using Guid(11d162cf8887a684bb47f70a2db5da41) Importer(815301076,1909f56bfc062723c751e8b465ee728b)  -> (artifact id: 'e8a3c4211de11402c36f2154b1bf7b33') in 0.011736 seconds
  Import took 0.018528 seconds .

========================================================================
Received Import Request.
  Time since last request: 21.512819 seconds.
  path: Assets/Prefabs/Tree.prefab
  artifactKey: Guid(11d162cf8887a684bb47f70a2db5da41) Importer(815301076,1909f56bfc062723c751e8b465ee728b)
Start importing Assets/Prefabs/Tree.prefab using Guid(11d162cf8887a684bb47f70a2db5da41) Importer(815301076,1909f56bfc062723c751e8b465ee728b)  -> (artifact id: '99b1359fb59d712665df0e4275c45f59') in 0.013922 seconds
  Import took 0.022206 seconds .

========================================================================
Received Import Request.
  Time since last request: 1.657182 seconds.
  path: Assets/Prefabs/Tree.prefab
  artifactKey: Guid(11d162cf8887a684bb47f70a2db5da41) Importer(815301076,1909f56bfc062723c751e8b465ee728b)
Start importing Assets/Prefabs/Tree.prefab using Guid(11d162cf8887a684bb47f70a2db5da41) Importer(815301076,1909f56bfc062723c751e8b465ee728b)  -> (artifact id: '3d128dcd05bfae79f37f9e4b6d5268c3') in 0.015521 seconds
  Import took 0.022672 seconds .

========================================================================
Received Import Request.
  Time since last request: 8.522132 seconds.
  path: Assets/Prefabs/Tree.prefab
  artifactKey: Guid(11d162cf8887a684bb47f70a2db5da41) Importer(815301076,1909f56bfc062723c751e8b465ee728b)
Start importing Assets/Prefabs/Tree.prefab using Guid(11d162cf8887a684bb47f70a2db5da41) Importer(815301076,1909f56bfc062723c751e8b465ee728b)  -> (artifact id: '01dea1600e32e43102464a0c1595c6fe') in 0.016119 seconds
  Import took 0.024750 seconds .

========================================================================
Received Import Request.
  Time since last request: 2.827224 seconds.
  path: Assets/Prefabs/Tree.prefab
  artifactKey: Guid(11d162cf8887a684bb47f70a2db5da41) Importer(815301076,1909f56bfc062723c751e8b465ee728b)
Start importing Assets/Prefabs/Tree.prefab using Guid(11d162cf8887a684bb47f70a2db5da41) Importer(815301076,1909f56bfc062723c751e8b465ee728b)  -> (artifact id: 'a3a3b1562587e7c9d0edb99a97a41c57') in 0.009372 seconds
  Import took 0.016942 seconds .

========================================================================
Received Import Request.
  Time since last request: 2.003532 seconds.
  path: Assets/Prefabs/Tree.prefab
  artifactKey: Guid(11d162cf8887a684bb47f70a2db5da41) Importer(815301076,1909f56bfc062723c751e8b465ee728b)
Start importing Assets/Prefabs/Tree.prefab using Guid(11d162cf8887a684bb47f70a2db5da41) Importer(815301076,1909f56bfc062723c751e8b465ee728b)  -> (artifact id: '188b81b9a027f6a1912b6998bd24ddb6') in 0.012256 seconds
  Import took 0.020082 seconds .

========================================================================
Received Import Request.
  Time since last request: 3.447302 seconds.
  path: Assets/Prefabs/Tree.prefab
  artifactKey: Guid(11d162cf8887a684bb47f70a2db5da41) Importer(815301076,1909f56bfc062723c751e8b465ee728b)
Start importing Assets/Prefabs/Tree.prefab using Guid(11d162cf8887a684bb47f70a2db5da41) Importer(815301076,1909f56bfc062723c751e8b465ee728b)  -> (artifact id: 'bd189aee977359d773cd31216115e1b6') in 0.020177 seconds
  Import took 0.029496 seconds .

========================================================================
Received Import Request.
  Time since last request: 2.206430 seconds.
  path: Assets/Prefabs/Tree.prefab
  artifactKey: Guid(11d162cf8887a684bb47f70a2db5da41) Importer(815301076,1909f56bfc062723c751e8b465ee728b)
Start importing Assets/Prefabs/Tree.prefab using Guid(11d162cf8887a684bb47f70a2db5da41) Importer(815301076,1909f56bfc062723c751e8b465ee728b)  -> (artifact id: '089dc4d2bf94483e7105b8a5d3f6268f') in 0.010434 seconds
  Import took 0.017830 seconds .

========================================================================
Received Import Request.
  Time since last request: 40.506340 seconds.
  path: Assets/Prefabs/Tree.prefab
  artifactKey: Guid(11d162cf8887a684bb47f70a2db5da41) Importer(815301076,1909f56bfc062723c751e8b465ee728b)
Start importing Assets/Prefabs/Tree.prefab using Guid(11d162cf8887a684bb47f70a2db5da41) Importer(815301076,1909f56bfc062723c751e8b465ee728b)  -> (artifact id: '078ef504d71450d3f0087390e98f546b') in 0.009506 seconds
  Import took 0.017393 seconds .

========================================================================
Received Import Request.
  Time since last request: 3.117953 seconds.
  path: Assets/Prefabs/Tree.prefab
  artifactKey: Guid(11d162cf8887a684bb47f70a2db5da41) Importer(815301076,1909f56bfc062723c751e8b465ee728b)
Start importing Assets/Prefabs/Tree.prefab using Guid(11d162cf8887a684bb47f70a2db5da41) Importer(815301076,1909f56bfc062723c751e8b465ee728b)  -> (artifact id: '84a2530d8feeb8a83aced69586dfde32') in 0.009686 seconds
  Import took 0.017374 seconds .

========================================================================
Received Import Request.
  Time since last request: 5.290902 seconds.
  path: Assets/Prefabs/Tree.prefab
  artifactKey: Guid(11d162cf8887a684bb47f70a2db5da41) Importer(815301076,1909f56bfc062723c751e8b465ee728b)
Start importing Assets/Prefabs/Tree.prefab using Guid(11d162cf8887a684bb47f70a2db5da41) Importer(815301076,1909f56bfc062723c751e8b465ee728b)  -> (artifact id: '471e5a86151633e978925c971af7f197') in 0.016585 seconds
  Import took 0.025232 seconds .

========================================================================
Received Import Request.
  Time since last request: 1.214122 seconds.
  path: Assets/Prefabs/Tree.prefab
  artifactKey: Guid(11d162cf8887a684bb47f70a2db5da41) Importer(815301076,1909f56bfc062723c751e8b465ee728b)
Start importing Assets/Prefabs/Tree.prefab using Guid(11d162cf8887a684bb47f70a2db5da41) Importer(815301076,1909f56bfc062723c751e8b465ee728b)  -> (artifact id: '3e525c653947924f200bebcfa5eaa44c') in 0.009962 seconds
  Import took 0.016981 seconds .

========================================================================
Received Import Request.
  Time since last request: 3.014599 seconds.
  path: Assets/Prefabs/Tree.prefab
  artifactKey: Guid(11d162cf8887a684bb47f70a2db5da41) Importer(815301076,1909f56bfc062723c751e8b465ee728b)
Start importing Assets/Prefabs/Tree.prefab using Guid(11d162cf8887a684bb47f70a2db5da41) Importer(815301076,1909f56bfc062723c751e8b465ee728b)  -> (artifact id: 'a433a82a9c44a246ddb4cd088e5fe6f5') in 0.009732 seconds
  Import took 0.016491 seconds .

========================================================================
Received Import Request.
  Time since last request: 3.231867 seconds.
  path: Assets/Prefabs/Tree.prefab
  artifactKey: Guid(11d162cf8887a684bb47f70a2db5da41) Importer(815301076,1909f56bfc062723c751e8b465ee728b)
Start importing Assets/Prefabs/Tree.prefab using Guid(11d162cf8887a684bb47f70a2db5da41) Importer(815301076,1909f56bfc062723c751e8b465ee728b)  -> (artifact id: '7d6bdd506fbc0b73e8e96ede732f5e26') in 0.013862 seconds
  Import took 0.021392 seconds .

========================================================================
Received Import Request.
  Time since last request: 143.985440 seconds.
  path: Assets/Prefabs/Env_True.prefab
  artifactKey: Guid(4f2904e078c94e240890f6d9e6207e6a) Importer(815301076,1909f56bfc062723c751e8b465ee728b)
Start importing Assets/Prefabs/Env_True.prefab using Guid(4f2904e078c94e240890f6d9e6207e6a) Importer(815301076,1909f56bfc062723c751e8b465ee728b)  -> (artifact id: 'c806ae21a893711d7000f157c089ed43') in 0.034419 seconds
  Import took 0.047115 seconds .

========================================================================
Received Prepare
Registering precompiled user dll's ...
Registered in 0.009301 seconds.
Begin MonoManager ReloadAssembly
Native extension for WindowsStandalone target not found
Refreshing native plugins compatible for Editor in 0.69 ms, found 2 plugins.
Preloading 0 native plugins for Editor in 0.00 ms.
Mono: successfully reloaded assembly
- Completed reload, in  1.802 seconds
Platform modules already initialized, skipping
Shader 'Universal Render Pipeline/Particles/Lit': fallback shader 'Universal Render Pipeline/Particles/SimpleLit' not found
Refreshing native plugins compatible for Editor in 1.61 ms, found 2 plugins.
Preloading 0 native plugins for Editor in 0.00 ms.
Unloading 3659 Unused Serialized files (Serialized files now loaded: 0)
System memory in use before: 199.7 MB.
System memory in use after: 200.0 MB.

Unloading 17 unused Assets to reduce memory usage. Loaded Objects now: 4558.
Total: 9.700400 ms (FindLiveObjects: 2.306700 ms CreateObjectMapping: 0.631200 ms MarkObjects: 6.651100 ms  DeleteObjects: 0.096600 ms)

========================================================================
Received Import Request.
  Time since last request: 552.371541 seconds.
  path: Assets/Prefabs/pc.prefab
  artifactKey: Guid(6e71d9ec5ec51be4992e605c395c9fcd) Importer(815301076,1909f56bfc062723c751e8b465ee728b)
Start importing Assets/Prefabs/pc.prefab using Guid(6e71d9ec5ec51be4992e605c395c9fcd) Importer(815301076,1909f56bfc062723c751e8b465ee728b)  -> (artifact id: '256dea449cf9ced5158791818f93db8e') in 0.378760 seconds
  Import took 0.390202 seconds .

========================================================================
Received Import Request.
  Time since last request: 0.269867 seconds.
  path: Assets/Prefabs/pc.prefab
  artifactKey: Guid(6e71d9ec5ec51be4992e605c395c9fcd) Importer(815301076,1909f56bfc062723c751e8b465ee728b)
Start importing Assets/Prefabs/pc.prefab using Guid(6e71d9ec5ec51be4992e605c395c9fcd) Importer(815301076,1909f56bfc062723c751e8b465ee728b)  -> (artifact id: '256dea449cf9ced5158791818f93db8e') in 0.044205 seconds
  Import took 0.064852 seconds .

========================================================================
Received Prepare
Registering precompiled user dll's ...
Registered in 0.007701 seconds.
Begin MonoManager ReloadAssembly
Native extension for WindowsStandalone target not found
Refreshing native plugins compatible for Editor in 2.32 ms, found 2 plugins.
Preloading 0 native plugins for Editor in 0.00 ms.
Mono: successfully reloaded assembly
- Completed reload, in  1.924 seconds
Platform modules already initialized, skipping
Shader 'Universal Render Pipeline/Particles/Lit': fallback shader 'Universal Render Pipeline/Particles/SimpleLit' not found
Refreshing native plugins compatible for Editor in 1.28 ms, found 2 plugins.
Preloading 0 native plugins for Editor in 0.00 ms.
Unloading 3659 Unused Serialized files (Serialized files now loaded: 0)
System memory in use before: 199.8 MB.
System memory in use after: 200.1 MB.

Unloading 17 unused Assets to reduce memory usage. Loaded Objects now: 4596.
Total: 3.782800 ms (FindLiveObjects: 0.621600 ms CreateObjectMapping: 0.252200 ms MarkObjects: 2.871700 ms  DeleteObjects: 0.035600 ms)

========================================================================
Received Prepare
Registering precompiled user dll's ...
Registered in 0.009189 seconds.
Begin MonoManager ReloadAssembly
Native extension for WindowsStandalone target not found
Refreshing native plugins compatible for Editor in 0.70 ms, found 2 plugins.
Preloading 0 native plugins for Editor in 0.00 ms.
Mono: successfully reloaded assembly
- Completed reload, in  1.443 seconds
Platform modules already initialized, skipping
Shader 'Universal Render Pipeline/Particles/Lit': fallback shader 'Universal Render Pipeline/Particles/SimpleLit' not found
Refreshing native plugins compatible for Editor in 1.54 ms, found 2 plugins.
Preloading 0 native plugins for Editor in 0.00 ms.
Unloading 3659 Unused Serialized files (Serialized files now loaded: 0)
System memory in use before: 199.9 MB.
System memory in use after: 200.1 MB.

Unloading 17 unused Assets to reduce memory usage. Loaded Objects now: 4598.
Total: 5.040300 ms (FindLiveObjects: 0.831500 ms CreateObjectMapping: 0.438100 ms MarkObjects: 3.724800 ms  DeleteObjects: 0.043900 ms)

========================================================================
Received Prepare
Registering precompiled user dll's ...
Registered in 0.008445 seconds.
Begin MonoManager ReloadAssembly
Native extension for WindowsStandalone target not found
Refreshing native plugins compatible for Editor in 0.69 ms, found 2 plugins.
Preloading 0 native plugins for Editor in 0.00 ms.
Mono: successfully reloaded assembly
- Completed reload, in  1.585 seconds
Platform modules already initialized, skipping
Shader 'Universal Render Pipeline/Particles/Lit': fallback shader 'Universal Render Pipeline/Particles/SimpleLit' not found
Refreshing native plugins compatible for Editor in 0.95 ms, found 2 plugins.
Preloading 0 native plugins for Editor in 0.00 ms.
Unloading 3659 Unused Serialized files (Serialized files now loaded: 0)
System memory in use before: 199.9 MB.
System memory in use after: 200.1 MB.

Unloading 17 unused Assets to reduce memory usage. Loaded Objects now: 4600.
Total: 4.593400 ms (FindLiveObjects: 0.572600 ms CreateObjectMapping: 0.328600 ms MarkObjects: 3.664900 ms  DeleteObjects: 0.026000 ms)

========================================================================
Received Prepare
Registering precompiled user dll's ...
Registered in 0.006869 seconds.
Begin MonoManager ReloadAssembly
Native extension for WindowsStandalone target not found
Refreshing native plugins compatible for Editor in 0.77 ms, found 2 plugins.
Preloading 0 native plugins for Editor in 0.00 ms.
Mono: successfully reloaded assembly
- Completed reload, in  1.547 seconds
Platform modules already initialized, skipping
Shader 'Universal Render Pipeline/Particles/Lit': fallback shader 'Universal Render Pipeline/Particles/SimpleLit' not found
Refreshing native plugins compatible for Editor in 0.78 ms, found 2 plugins.
Preloading 0 native plugins for Editor in 0.00 ms.
Unloading 3659 Unused Serialized files (Serialized files now loaded: 0)
System memory in use before: 199.9 MB.
System memory in use after: 200.1 MB.

Unloading 17 unused Assets to reduce memory usage. Loaded Objects now: 4602.
Total: 6.889200 ms (FindLiveObjects: 0.989500 ms CreateObjectMapping: 0.457400 ms MarkObjects: 5.381800 ms  DeleteObjects: 0.057800 ms)

========================================================================
Received Import Request.
  Time since last request: 258.527083 seconds.
  path: Assets/Prefabs/pc.prefab
  artifactKey: Guid(6e71d9ec5ec51be4992e605c395c9fcd) Importer(815301076,1909f56bfc062723c751e8b465ee728b)
Start importing Assets/Prefabs/pc.prefab using Guid(6e71d9ec5ec51be4992e605c395c9fcd) Importer(815301076,1909f56bfc062723c751e8b465ee728b)  -> (artifact id: '4f1553735315086186970228fc14d95a') in 0.217256 seconds
  Import took 0.226944 seconds .

========================================================================
Received Prepare
Registering precompiled user dll's ...
Registered in 0.006348 seconds.
Begin MonoManager ReloadAssembly
Native extension for WindowsStandalone target not found
Refreshing native plugins compatible for Editor in 0.69 ms, found 2 plugins.
Preloading 0 native plugins for Editor in 0.00 ms.
Mono: successfully reloaded assembly
- Completed reload, in  1.572 seconds
Platform modules already initialized, skipping
Shader 'Universal Render Pipeline/Particles/Lit': fallback shader 'Universal Render Pipeline/Particles/SimpleLit' not found
Refreshing native plugins compatible for Editor in 0.72 ms, found 2 plugins.
Preloading 0 native plugins for Editor in 0.00 ms.
Unloading 3659 Unused Serialized files (Serialized files now loaded: 0)
System memory in use before: 200.0 MB.
System memory in use after: 200.3 MB.

Unloading 17 unused Assets to reduce memory usage. Loaded Objects now: 4640.
Total: 4.036200 ms (FindLiveObjects: 0.575600 ms CreateObjectMapping: 0.319400 ms MarkObjects: 3.114600 ms  DeleteObjects: 0.023200 ms)

========================================================================
Received Prepare
Registering precompiled user dll's ...
Registered in 0.007328 seconds.
Begin MonoManager ReloadAssembly
Native extension for WindowsStandalone target not found
Refreshing native plugins compatible for Editor in 1.37 ms, found 2 plugins.
Preloading 0 native plugins for Editor in 0.00 ms.
Mono: successfully reloaded assembly
- Completed reload, in  1.559 seconds
Platform modules already initialized, skipping
Shader 'Universal Render Pipeline/Particles/Lit': fallback shader 'Universal Render Pipeline/Particles/SimpleLit' not found
Refreshing native plugins compatible for Editor in 0.69 ms, found 2 plugins.
Preloading 0 native plugins for Editor in 0.00 ms.
Unloading 3659 Unused Serialized files (Serialized files now loaded: 0)
System memory in use before: 200.0 MB.
System memory in use after: 200.3 MB.

Unloading 17 unused Assets to reduce memory usage. Loaded Objects now: 4642.
Total: 4.392300 ms (FindLiveObjects: 0.473100 ms CreateObjectMapping: 0.246500 ms MarkObjects: 3.646000 ms  DeleteObjects: 0.024600 ms)

========================================================================
Received Prepare
Registering precompiled user dll's ...
Registered in 0.006247 seconds.
Begin MonoManager ReloadAssembly
Native extension for WindowsStandalone target not found
Refreshing native plugins compatible for Editor in 0.72 ms, found 2 plugins.
Preloading 0 native plugins for Editor in 0.00 ms.
Mono: successfully reloaded assembly
- Completed reload, in  1.522 seconds
Platform modules already initialized, skipping
Shader 'Universal Render Pipeline/Particles/Lit': fallback shader 'Universal Render Pipeline/Particles/SimpleLit' not found
Refreshing native plugins compatible for Editor in 1.11 ms, found 2 plugins.
Preloading 0 native plugins for Editor in 0.00 ms.
Unloading 3659 Unused Serialized files (Serialized files now loaded: 0)
System memory in use before: 200.0 MB.
System memory in use after: 200.3 MB.

Unloading 17 unused Assets to reduce memory usage. Loaded Objects now: 4644.
Total: 5.430700 ms (FindLiveObjects: 0.982800 ms CreateObjectMapping: 0.375800 ms MarkObjects: 4.042900 ms  DeleteObjects: 0.026900 ms)

========================================================================
Received Prepare
Registering precompiled user dll's ...
Registered in 0.008413 seconds.
Begin MonoManager ReloadAssembly
Native extension for WindowsStandalone target not found
Refreshing native plugins compatible for Editor in 1.31 ms, found 2 plugins.
Preloading 0 native plugins for Editor in 0.00 ms.
Mono: successfully reloaded assembly
- Completed reload, in  1.779 seconds
Platform modules already initialized, skipping
Shader 'Universal Render Pipeline/Particles/Lit': fallback shader 'Universal Render Pipeline/Particles/SimpleLit' not found
Refreshing native plugins compatible for Editor in 1.08 ms, found 2 plugins.
Preloading 0 native plugins for Editor in 0.00 ms.
Unloading 3659 Unused Serialized files (Serialized files now loaded: 0)
System memory in use before: 200.0 MB.
System memory in use after: 200.3 MB.

Unloading 17 unused Assets to reduce memory usage. Loaded Objects now: 4646.
Total: 5.635300 ms (FindLiveObjects: 0.637700 ms CreateObjectMapping: 0.383800 ms MarkObjects: 4.571300 ms  DeleteObjects: 0.040800 ms)

========================================================================
Received Prepare
Registering precompiled user dll's ...
Registered in 0.008687 seconds.
Begin MonoManager ReloadAssembly
Native extension for WindowsStandalone target not found
Refreshing native plugins compatible for Editor in 0.99 ms, found 2 plugins.
Preloading 0 native plugins for Editor in 0.00 ms.
Mono: successfully reloaded assembly
- Completed reload, in  1.459 seconds
Platform modules already initialized, skipping
Shader 'Universal Render Pipeline/Particles/Lit': fallback shader 'Universal Render Pipeline/Particles/SimpleLit' not found
Refreshing native plugins compatible for Editor in 0.74 ms, found 2 plugins.
Preloading 0 native plugins for Editor in 0.00 ms.
Unloading 3659 Unused Serialized files (Serialized files now loaded: 0)
System memory in use before: 200.0 MB.
System memory in use after: 200.3 MB.

Unloading 17 unused Assets to reduce memory usage. Loaded Objects now: 4648.
Total: 12.903300 ms (FindLiveObjects: 0.989400 ms CreateObjectMapping: 0.369100 ms MarkObjects: 11.483200 ms  DeleteObjects: 0.060200 ms)

========================================================================
Received Import Request.
  Time since last request: 316.467019 seconds.
  path: Assets/Prefabs/MeshPrefabs
  artifactKey: Guid(9a676ba3f8965d146af9c9bb505fed16) Importer(815301076,1909f56bfc062723c751e8b465ee728b)
Start importing Assets/Prefabs/MeshPrefabs using Guid(9a676ba3f8965d146af9c9bb505fed16) Importer(815301076,1909f56bfc062723c751e8b465ee728b)  -> (artifact id: 'c572c605281ac5f123f2f19405f7ebc9') in 0.006537 seconds
  Import took 0.013141 seconds .

========================================================================
Received Import Request.
  Time since last request: 28.232694 seconds.
  path: Assets/Prefabs/New Lighting Settings.lighting
  artifactKey: Guid(98ad0b69c6b6ba945a90e148d667b048) Importer(815301076,1909f56bfc062723c751e8b465ee728b)
Start importing Assets/Prefabs/New Lighting Settings.lighting using Guid(98ad0b69c6b6ba945a90e148d667b048) Importer(815301076,1909f56bfc062723c751e8b465ee728b)  -> (artifact id: '2481b11f4369ff5ad011237e1ac2f88f') in 0.022049 seconds
  Import took 0.029884 seconds .

========================================================================
Received Import Request.
  Time since last request: 14.613411 seconds.
  path: Assets/Art/Animation/enem_anim_con.controller
  artifactKey: Guid(d47d6e7fc20d6f140ac16c559cd6a48b) Importer(815301076,1909f56bfc062723c751e8b465ee728b)
Start importing Assets/Art/Animation/enem_anim_con.controller using Guid(d47d6e7fc20d6f140ac16c559cd6a48b) Importer(815301076,1909f56bfc062723c751e8b465ee728b)  -> (artifact id: 'e60e445b26d6bd99360d4e2acc797a0c') in 0.005519 seconds
  Import took 0.011861 seconds .

========================================================================
Received Import Request.
  Time since last request: 0.337840 seconds.
  path: Assets/Art/Animation/pc_anim_con.controller
  artifactKey: Guid(2c834c40be059e64d94f19b7e5a906d8) Importer(815301076,1909f56bfc062723c751e8b465ee728b)
Start importing Assets/Art/Animation/pc_anim_con.controller using Guid(2c834c40be059e64d94f19b7e5a906d8) Importer(815301076,1909f56bfc062723c751e8b465ee728b)  -> (artifact id: 'f1ff42f8de46746ce488dcd95f3058d5') in 0.003810 seconds
  Import took 0.010129 seconds .

========================================================================
Received Import Request.
  Time since last request: 365.844955 seconds.
  path: Assets/Art/Animation/pc_anim_con.controller
  artifactKey: Guid(2c834c40be059e64d94f19b7e5a906d8) Importer(815301076,1909f56bfc062723c751e8b465ee728b)
Start importing Assets/Art/Animation/pc_anim_con.controller using Guid(2c834c40be059e64d94f19b7e5a906d8) Importer(815301076,1909f56bfc062723c751e8b465ee728b)  -> (artifact id: '1899c729a4f125913d9e7586f6395a30') in 0.003858 seconds
  Import took 0.011743 seconds .

========================================================================
Received Import Request.
  Time since last request: 118.572981 seconds.
  path: Assets/Art/Animation/enem_anim_con.controller
  artifactKey: Guid(d47d6e7fc20d6f140ac16c559cd6a48b) Importer(815301076,1909f56bfc062723c751e8b465ee728b)
Start importing Assets/Art/Animation/enem_anim_con.controller using Guid(d47d6e7fc20d6f140ac16c559cd6a48b) Importer(815301076,1909f56bfc062723c751e8b465ee728b)  -> (artifact id: '8469ff3190f4a5c06ca6b96137d95963') in 0.003223 seconds
  Import took 0.009939 seconds .

========================================================================
Received Import Request.
  Time since last request: 73.987041 seconds.
  path: Assets/Art/Animation/enem_anim_con.controller
  artifactKey: Guid(d47d6e7fc20d6f140ac16c559cd6a48b) Importer(815301076,1909f56bfc062723c751e8b465ee728b)
Start importing Assets/Art/Animation/enem_anim_con.controller using Guid(d47d6e7fc20d6f140ac16c559cd6a48b) Importer(815301076,1909f56bfc062723c751e8b465ee728b)  -> (artifact id: 'f51879109adccd2fc1adaf7a0e7df48e') in 0.003604 seconds
  Import took 0.010239 seconds .

========================================================================
Received Import Request.
  Time since last request: 2.018435 seconds.
  path: Assets/Art/Animation/enem_anim_con.controller
  artifactKey: Guid(d47d6e7fc20d6f140ac16c559cd6a48b) Importer(815301076,1909f56bfc062723c751e8b465ee728b)
Start importing Assets/Art/Animation/enem_anim_con.controller using Guid(d47d6e7fc20d6f140ac16c559cd6a48b) Importer(815301076,1909f56bfc062723c751e8b465ee728b)  -> (artifact id: 'fb022281eda55e642bad598ac615d3ac') in 0.006219 seconds
  Import took 0.013847 seconds .

========================================================================
Received Import Request.
  Time since last request: 72.338634 seconds.
  path: Assets/Scripts
  artifactKey: Guid(02a3527b6b33a924e8ec66aa805ea717) Importer(815301076,1909f56bfc062723c751e8b465ee728b)
Start importing Assets/Scripts using Guid(02a3527b6b33a924e8ec66aa805ea717) Importer(815301076,1909f56bfc062723c751e8b465ee728b)  -> (artifact id: '6bd86b1d3c446bea3dff0cc9782305c0') in 0.002970 seconds
  Import took 0.009941 seconds .

========================================================================
Received Import Request.
  Time since last request: 0.793663 seconds.
  path: Assets/Scripts/Enemy
  artifactKey: Guid(2a264c85ba789e444ad75eb940669609) Importer(815301076,1909f56bfc062723c751e8b465ee728b)
Start importing Assets/Scripts/Enemy using Guid(2a264c85ba789e444ad75eb940669609) Importer(815301076,1909f56bfc062723c751e8b465ee728b)  -> (artifact id: 'a9decf8d2795a22108570195b7de82be') in 0.002121 seconds
  Import took 0.008311 seconds .

========================================================================
Received Import Request.
  Time since last request: 2.734744 seconds.
  path: Assets/Scripts/Enemy/Enemy.cs
  artifactKey: Guid(e65cfdf4bb6e7c1429b5a456adc0ed9a) Importer(815301076,1909f56bfc062723c751e8b465ee728b)
Start importing Assets/Scripts/Enemy/Enemy.cs using Guid(e65cfdf4bb6e7c1429b5a456adc0ed9a) Importer(815301076,1909f56bfc062723c751e8b465ee728b)  -> (artifact id: '14eb00540db3077f31af6a01ed2bfb70') in 0.014867 seconds
  Import took 0.021984 seconds .

========================================================================
Received Import Request.
  Time since last request: 395.374951 seconds.
  path: Assets/Scripts/Enemy/Enemy.cs
  artifactKey: Guid(e65cfdf4bb6e7c1429b5a456adc0ed9a) Importer(815301076,1909f56bfc062723c751e8b465ee728b)
Start importing Assets/Scripts/Enemy/Enemy.cs using Guid(e65cfdf4bb6e7c1429b5a456adc0ed9a) Importer(815301076,1909f56bfc062723c751e8b465ee728b)  -> (artifact id: '3e6e4d978cdaa3133e7c7ef162970be0') in 0.002998 seconds
  Import took 0.014580 seconds .

========================================================================
Received Prepare
Registering precompiled user dll's ...
Registered in 0.010513 seconds.
Begin MonoManager ReloadAssembly
Native extension for WindowsStandalone target not found
Refreshing native plugins compatible for Editor in 1.67 ms, found 2 plugins.
Preloading 0 native plugins for Editor in 0.00 ms.
Mono: successfully reloaded assembly
- Completed reload, in  1.593 seconds
Platform modules already initialized, skipping
Shader 'Universal Render Pipeline/Particles/Lit': fallback shader 'Universal Render Pipeline/Particles/SimpleLit' not found
Refreshing native plugins compatible for Editor in 0.84 ms, found 2 plugins.
Preloading 0 native plugins for Editor in 0.00 ms.
Unloading 3659 Unused Serialized files (Serialized files now loaded: 0)
System memory in use before: 200.0 MB.
System memory in use after: 200.3 MB.

Unloading 17 unused Assets to reduce memory usage. Loaded Objects now: 4650.
Total: 6.512900 ms (FindLiveObjects: 1.690100 ms CreateObjectMapping: 1.018700 ms MarkObjects: 3.772200 ms  DeleteObjects: 0.028800 ms)

========================================================================
Received Prepare
Registering precompiled user dll's ...
Registered in 0.009185 seconds.
Begin MonoManager ReloadAssembly
Native extension for WindowsStandalone target not found
Refreshing native plugins compatible for Editor in 1.14 ms, found 2 plugins.
Preloading 0 native plugins for Editor in 0.00 ms.
Mono: successfully reloaded assembly
- Completed reload, in  1.549 seconds
Platform modules already initialized, skipping
Shader 'Universal Render Pipeline/Particles/Lit': fallback shader 'Universal Render Pipeline/Particles/SimpleLit' not found
Refreshing native plugins compatible for Editor in 0.75 ms, found 2 plugins.
Preloading 0 native plugins for Editor in 0.00 ms.
Unloading 3659 Unused Serialized files (Serialized files now loaded: 0)
System memory in use before: 200.0 MB.
System memory in use after: 200.3 MB.

Unloading 17 unused Assets to reduce memory usage. Loaded Objects now: 4652.
Total: 4.716500 ms (FindLiveObjects: 0.989000 ms CreateObjectMapping: 0.434900 ms MarkObjects: 3.261800 ms  DeleteObjects: 0.027500 ms)

========================================================================
Received Prepare
Registering precompiled user dll's ...
Registered in 0.006597 seconds.
Begin MonoManager ReloadAssembly
Native extension for WindowsStandalone target not found
Refreshing native plugins compatible for Editor in 2.35 ms, found 2 plugins.
Preloading 0 native plugins for Editor in 0.00 ms.
Mono: successfully reloaded assembly
- Completed reload, in  1.561 seconds
Platform modules already initialized, skipping
Shader 'Universal Render Pipeline/Particles/Lit': fallback shader 'Universal Render Pipeline/Particles/SimpleLit' not found
Refreshing native plugins compatible for Editor in 1.08 ms, found 2 plugins.
Preloading 0 native plugins for Editor in 0.00 ms.
Unloading 3659 Unused Serialized files (Serialized files now loaded: 0)
System memory in use before: 200.1 MB.
System memory in use after: 200.3 MB.

Unloading 17 unused Assets to reduce memory usage. Loaded Objects now: 4654.
Total: 4.643200 ms (FindLiveObjects: 0.822900 ms CreateObjectMapping: 0.373300 ms MarkObjects: 3.419300 ms  DeleteObjects: 0.025800 ms)

========================================================================
Received Import Request.
  Time since last request: 100.824262 seconds.
  path: Assets/Scripts/Enemy/Enemy.cs
  artifactKey: Guid(e65cfdf4bb6e7c1429b5a456adc0ed9a) Importer(815301076,1909f56bfc062723c751e8b465ee728b)
Start importing Assets/Scripts/Enemy/Enemy.cs using Guid(e65cfdf4bb6e7c1429b5a456adc0ed9a) Importer(815301076,1909f56bfc062723c751e8b465ee728b)  -> (artifact id: '4401eb821aba052dd8adff57d02e1f38') in 0.005732 seconds
  Import took 0.011878 seconds .

========================================================================
Received Prepare
Registering precompiled user dll's ...
Registered in 0.006328 seconds.
Begin MonoManager ReloadAssembly
Native extension for WindowsStandalone target not found
Refreshing native plugins compatible for Editor in 0.72 ms, found 2 plugins.
Preloading 0 native plugins for Editor in 0.00 ms.
Mono: successfully reloaded assembly
- Completed reload, in  1.472 seconds
Platform modules already initialized, skipping
Shader 'Universal Render Pipeline/Particles/Lit': fallback shader 'Universal Render Pipeline/Particles/SimpleLit' not found
Refreshing native plugins compatible for Editor in 0.67 ms, found 2 plugins.
Preloading 0 native plugins for Editor in 0.00 ms.
Unloading 3659 Unused Serialized files (Serialized files now loaded: 0)
System memory in use before: 200.1 MB.
System memory in use after: 200.3 MB.

Unloading 17 unused Assets to reduce memory usage. Loaded Objects now: 4656.
Total: 3.814400 ms (FindLiveObjects: 0.682200 ms CreateObjectMapping: 0.241100 ms MarkObjects: 2.869600 ms  DeleteObjects: 0.020300 ms)

========================================================================
Received Prepare
Registering precompiled user dll's ...
Registered in 0.006383 seconds.
Begin MonoManager ReloadAssembly
Native extension for WindowsStandalone target not found
Refreshing native plugins compatible for Editor in 0.68 ms, found 2 plugins.
Preloading 0 native plugins for Editor in 0.00 ms.
Mono: successfully reloaded assembly
- Completed reload, in  1.883 seconds
Platform modules already initialized, skipping
Shader 'Universal Render Pipeline/Particles/Lit': fallback shader 'Universal Render Pipeline/Particles/SimpleLit' not found
Refreshing native plugins compatible for Editor in 1.39 ms, found 2 plugins.
Preloading 0 native plugins for Editor in 0.00 ms.
Unloading 3659 Unused Serialized files (Serialized files now loaded: 0)
System memory in use before: 200.1 MB.
System memory in use after: 200.3 MB.

Unloading 17 unused Assets to reduce memory usage. Loaded Objects now: 4658.
Total: 9.601200 ms (FindLiveObjects: 1.626300 ms CreateObjectMapping: 1.629300 ms MarkObjects: 6.245400 ms  DeleteObjects: 0.096800 ms)

AssetImportWorkerClient::OnTransportError - code=2 error=End of file
